<?xml version="1.0" encoding="UTF-8"?>
<!-- Generated by org.testng.reporters.JUnitReportReporter -->
<testsuite skipped="0" hostname="hp" name="com.test.ExtentReporting.ExtentDemo" tests="2" failures="0" timestamp="25 Mar 2020 06:32:00 GMT" time="10.384" errors="0">
  <testcase name="extentReportsDemo" time="5.792" classname="com.test.ExtentReporting.ExtentDemo"/>
  <testcase name="extentReportsDemo_TC002" time="4.592" classname="com.test.ExtentReporting.ExtentDemo"/>
</testsuite> <!-- com.test.ExtentReporting.ExtentDemo -->
