<?xml version="1.0" encoding="UTF-8"?>
<!-- Generated by org.testng.reporters.JUnitReportReporter -->
<testsuite skipped="0" hostname="hp" name="com.testCases.MobileFlow" tests="3" failures="0" timestamp="25 Mar 2020 17:56:38 GMT" time="92.868" errors="0">
  <testcase name="TC_004_OppoMobileFunctionality" time="52.210" classname="com.testCases.MobileFlow"/>
  <testcase name="TC_005_LGMobileFunctionality" time="20.296" classname="com.testCases.MobileFlow"/>
  <testcase name="TC_006_RealmeMobileFunctionality" time="20.362" classname="com.testCases.MobileFlow"/>
</testsuite> <!-- com.testCases.MobileFlow -->
